<?xml version="1.0" encoding="UTF-8"?>
<!-- Generated by org.testng.reporters.JUnitReportReporter -->
<testsuite hostname="LAPTOP-RG2DJRNT" failures="0" tests="4" name="com.Tests.LoginTest" time="50.708" errors="0" timestamp="2025-04-01T15:11:45 IST" skipped="0">
  <testcase classname="com.Tests.LoginTest" name="Login" time="15.126"/>
  <testcase classname="com.Tests.LoginTest" name="Login" time="15.046"/>
  <testcase classname="com.Tests.LoginTest" name="Login" time="13.948"/>
  <testcase classname="com.Tests.LoginTest" name="Login" time="6.588"/>
</testsuite> <!-- com.Tests.LoginTest -->
