<?xml version="1.0" encoding="UTF-8"?>
<!-- Generated by org.testng.reporters.JUnitReportReporter -->
<testsuite hostname="LAPTOP-RG2DJRNT" failures="0" tests="4" name="com.Tests.LoginTest" time="51.486" errors="0" timestamp="2025-04-01T15:03:41 IST" skipped="0">
  <testcase classname="com.Tests.LoginTest" name="Login" time="18.193"/>
  <testcase classname="com.Tests.LoginTest" name="Login" time="5.887"/>
  <testcase classname="com.Tests.LoginTest" name="Login" time="13.827"/>
  <testcase classname="com.Tests.LoginTest" name="Login" time="13.579"/>
</testsuite> <!-- com.Tests.LoginTest -->
